Performing C SOURCE FILE Test CMAKE_HAVE_LIBC_PTHREAD failed with the following output:
Change Dir: /home/eizzker/Desktop/OS/ex4/ex4/cmake-build-debug/CMakeFiles/CMakeTmp

Run Build Command(s):/usr/bin/make cmTC_9e1bf/fast && /usr/bin/make -f CMakeFiles/cmTC_9e1bf.dir/build.make CMakeFiles/cmTC_9e1bf.dir/build
make[1]: Entering directory '/home/eizzker/Desktop/OS/ex4/ex4/cmake-build-debug/CMakeFiles/CMakeTmp'
Building C object CMakeFiles/cmTC_9e1bf.dir/src.c.o
/usr/bin/cc   -DCMAKE_HAVE_LIBC_PTHREAD   -std=gnu99 -o CMakeFiles/cmTC_9e1bf.dir/src.c.o   -c /home/eizzker/Desktop/OS/ex4/ex4/cmake-build-debug/CMakeFiles/CMakeTmp/src.c
Linking C executable cmTC_9e1bf
/opt/clion-2019.2.5/bin/cmake/linux/bin/cmake -E cmake_link_script CMakeFiles/cmTC_9e1bf.dir/link.txt --verbose=1
/usr/bin/cc  -DCMAKE_HAVE_LIBC_PTHREAD    CMakeFiles/cmTC_9e1bf.dir/src.c.o  -o cmTC_9e1bf 
CMakeFiles/cmTC_9e1bf.dir/src.c.o: In function `main':
src.c:(.text+0x3e): undefined reference to `pthread_create'
src.c:(.text+0x4a): undefined reference to `pthread_detach'
src.c:(.text+0x5b): undefined reference to `pthread_join'
src.c:(.text+0x6f): undefined reference to `pthread_atfork'
collect2: error: ld returned 1 exit status
CMakeFiles/cmTC_9e1bf.dir/build.make:86: recipe for target 'cmTC_9e1bf' failed
make[1]: *** [cmTC_9e1bf] Error 1
make[1]: Leaving directory '/home/eizzker/Desktop/OS/ex4/ex4/cmake-build-debug/CMakeFiles/CMakeTmp'
Makefile:121: recipe for target 'cmTC_9e1bf/fast' failed
make: *** [cmTC_9e1bf/fast] Error 2


Source file was:
#include <pthread.h>

void* test_func(void* data)
{
  return data;
}

int main(void)
{
  pthread_t thread;
  pthread_create(&thread, NULL, test_func, NULL);
  pthread_detach(thread);
  pthread_join(thread, NULL);
  pthread_atfork(NULL, NULL, NULL);
  pthread_exit(NULL);

  return 0;
}

Determining if the function pthread_create exists in the pthreads failed with the following output:
Change Dir: /home/eizzker/Desktop/OS/ex4/ex4/cmake-build-debug/CMakeFiles/CMakeTmp

Run Build Command(s):/usr/bin/make cmTC_517cf/fast && /usr/bin/make -f CMakeFiles/cmTC_517cf.dir/build.make CMakeFiles/cmTC_517cf.dir/build
make[1]: Entering directory '/home/eizzker/Desktop/OS/ex4/ex4/cmake-build-debug/CMakeFiles/CMakeTmp'
Building C object CMakeFiles/cmTC_517cf.dir/CheckFunctionExists.c.o
/usr/bin/cc   -DCHECK_FUNCTION_EXISTS=pthread_create   -std=gnu99 -o CMakeFiles/cmTC_517cf.dir/CheckFunctionExists.c.o   -c /opt/clion-2019.2.5/bin/cmake/linux/share/cmake-3.15/Modules/CheckFunctionExists.c
Linking C executable cmTC_517cf
/opt/clion-2019.2.5/bin/cmake/linux/bin/cmake -E cmake_link_script CMakeFiles/cmTC_517cf.dir/link.txt --verbose=1
/usr/bin/cc  -DCHECK_FUNCTION_EXISTS=pthread_create    CMakeFiles/cmTC_517cf.dir/CheckFunctionExists.c.o  -o cmTC_517cf -lpthreads 
/usr/bin/ld: cannot find -lpthreads
collect2: error: ld returned 1 exit status
CMakeFiles/cmTC_517cf.dir/build.make:86: recipe for target 'cmTC_517cf' failed
make[1]: *** [cmTC_517cf] Error 1
make[1]: Leaving directory '/home/eizzker/Desktop/OS/ex4/ex4/cmake-build-debug/CMakeFiles/CMakeTmp'
Makefile:121: recipe for target 'cmTC_517cf/fast' failed
make: *** [cmTC_517cf/fast] Error 2



